<?xml version="1.0" encoding="UTF-8"?>
<!-- Generated by org.testng.reporters.JUnitReportReporter -->
<testsuite hostname="LAPTOP-1UAES38R" failures="0" tests="7" name="Sample.Case2" time="0.049" errors="0" timestamp="2024-08-27T15:58:56 IST" skipped="0">
  <testcase classname="Sample.Case2" name="CreateUser" time="0.007"/>
  <system-out/>
  <testcase classname="Sample.Case2" name="CreateUser" time="0.020"/>
  <system-out/>
  <testcase classname="Sample.Case2" name="CreateUser" time="0.004"/>
  <system-out/>
  <testcase classname="Sample.Case2" name="CreateUser" time="0.003"/>
  <system-out/>
  <testcase classname="Sample.Case2" name="CreateUser" time="0.004"/>
  <system-out/>
  <testcase classname="Sample.Case2" name="ModifyUser" time="0.005"/>
  <system-out/>
  <testcase classname="Sample.Case2" name="DeleteUser" time="0.006"/>
  <system-out/>
</testsuite> <!-- Sample.Case2 -->
