<?xml version="1.0" encoding="UTF-8"?>
<!-- Generated by org.testng.reporters.JUnitReportReporter -->
<testsuite hostname="LAPTOP-1UAES38R" failures="0" tests="2" name="Sample.Case3" time="0.019" errors="0" timestamp="2024-08-27T16:01:01 IST" skipped="1">
  <testcase classname="Sample.Case3" name="CreateUser" time="0.019"/>
  <system-out/>
  <testcase classname="Sample.Case3" name="ModifyUser">
    <skipped/>
  </testcase> <!-- ModifyUser -->
  <system-out/>
</testsuite> <!-- Sample.Case3 -->
