<?xml version="1.0" encoding="UTF-8"?>
<!-- Generated by org.testng.reporters.JUnitReportReporter -->
<testsuite hostname="LAPTOP-1UAES38R" failures="0" tests="3" name="Sample.Case1" time="0.029" errors="0" timestamp="2024-08-27T15:57:17 IST" skipped="0">
  <testcase classname="Sample.Case1" name="CreateUser" time="0.021"/>
  <system-out/>
  <testcase classname="Sample.Case1" name="ModifyUser" time="0.001"/>
  <system-out/>
  <testcase classname="Sample.Case1" name="DeleteUser" time="0.007"/>
  <system-out/>
</testsuite> <!-- Sample.Case1 -->
