<?xml version="1.0" encoding="UTF-8"?>
<!-- Generated by org.testng.reporters.JUnitReportReporter -->
<testsuite hostname="LAPTOP-1UAES38R" failures="0" tests="2" name="com.Selenium3.Case1" time="0.023" errors="0" timestamp="2024-08-27T15:53:42 IST" skipped="1">
  <testcase classname="com.Selenium3.Case1" name="CreateUser" time="0.023"/>
  <system-out/>
  <testcase classname="com.Selenium3.Case1" name="ModifyUser">
    <skipped/>
  </testcase> <!-- ModifyUser -->
  <system-out/>
</testsuite> <!-- com.Selenium3.Case1 -->
